This is pdfTeX, Version 3.141592653-2.6-1.40.25 (TeX Live 2023/Debian) (preloaded format=pdflatex 2025.3.20)  20 MAR 2025 14:32
entering extended mode
 restricted \write18 enabled.
 %&-line parsing enabled.
**ISCS_Arita_forFinal_v1.0.tex
(./ISCS_Arita_forFinal_v1.0.tex
LaTeX2e <2023-11-01> patch level 1
L3 programming layer <2024-01-22>
(./SICE_ISCS.cls (/usr/share/texlive/texmf-dist/tex/latex/geometry/geometry.sty
Package: geometry 2020/01/02 v5.9 Page Geometry
(/usr/share/texlive/texmf-dist/tex/latex/graphics/keyval.sty
Package: keyval 2022/05/29 v1.15 key=value parser (DPC)
\KV@toks@=\toks17
)
(/usr/share/texlive/texmf-dist/tex/generic/iftex/ifvtex.sty
Package: ifvtex 2019/10/25 v1.7 ifvtex legacy package. Use iftex instead.

(/usr/share/texlive/texmf-dist/tex/generic/iftex/iftex.sty
Package: iftex 2022/02/03 v1.0f TeX engine tests
))
\Gm@cnth=\count187
\Gm@cntv=\count188
\c@Gm@tempcnt=\count189
\Gm@bindingoffset=\dimen140
\Gm@wd@mp=\dimen141
\Gm@odd@mp=\dimen142
\Gm@even@mp=\dimen143
\Gm@layoutwidth=\dimen144
\Gm@layoutheight=\dimen145
\Gm@layouthoffset=\dimen146
\Gm@layoutvoffset=\dimen147
\Gm@dimlist=\toks18
)
(/usr/share/texlive/texmf-dist/tex/latex/psnfss/times.sty
Package: times 2020/03/25 PSNFSS-v9.3 (SPQR) 
)
(/usr/share/texlive/texmf-dist/tex/latex/tools/layout.sty
Package: layout 2023-08-20 v1.2e Show layout parameters
\oneinch=\count190
\cnt@paperwidth=\count191
\cnt@paperheight=\count192
\cnt@hoffset=\count193
\cnt@voffset=\count194
\cnt@textheight=\count195
\cnt@textwidth=\count196
\cnt@topmargin=\count197
\cnt@oddsidemargin=\count198
\cnt@evensidemargin=\count199
\cnt@headheight=\count266
\cnt@headsep=\count267
\cnt@marginparsep=\count268
\cnt@marginparwidth=\count269
\cnt@marginparpush=\count270
\cnt@footskip=\count271
\fheight=\count272
\ref@top=\count273
\ref@hoffset=\count274
\ref@voffset=\count275
\ref@head=\count276
\ref@body=\count277
\ref@foot=\count278
\ref@margin=\count279
\ref@marginwidth=\count280
\ref@marginpar=\count281
\Interval=\count282
\ExtraYPos=\count283
\PositionX=\count284
\PositionY=\count285
\ArrowLength=\count286
)
(/usr/share/texlive/texmf-dist/tex/latex/graphics/graphicx.sty
Package: graphicx 2021/09/16 v1.2d Enhanced LaTeX Graphics (DPC,SPQR)

(/usr/share/texlive/texmf-dist/tex/latex/graphics/graphics.sty
Package: graphics 2022/03/10 v1.4e Standard LaTeX Graphics (DPC,SPQR)

(/usr/share/texlive/texmf-dist/tex/latex/graphics/trig.sty
Package: trig 2021/08/11 v1.11 sin cos tan (DPC)
)
(/usr/share/texlive/texmf-dist/tex/latex/graphics-cfg/graphics.cfg
File: graphics.cfg 2016/06/04 v1.11 sample graphics configuration
)
Package graphics Info: Driver file: pdftex.def on input line 107.

(/usr/share/texlive/texmf-dist/tex/latex/graphics-def/pdftex.def
File: pdftex.def 2022/09/22 v1.2b Graphics/color driver for pdftex
))
\Gin@req@height=\dimen148
\Gin@req@width=\dimen149
)
(/usr/share/texlive/texmf-dist/tex/latex/tools/rawfonts.sty
Package: rawfonts 1994/05/08 Low-level LaTeX 2.09 font compatibility

(/usr/share/texlive/texmf-dist/tex/latex/tools/somedefs.sty
Package: somedefs 1994/06/01 v0.03 Toolkit for optional definitions
)
LaTeX Font Info:    Trying to load font information for U+lasy on input line 49
.

(/usr/share/texlive/texmf-dist/tex/latex/base/ulasy.fd
File: ulasy.fd 1998/08/17 v2.2e LaTeX symbol font definitions
))
(/usr/share/texlive/texmf-dist/tex/latex/base/oldlfont.sty
Package: oldlfont 2014/09/29 v2.2k Standard LaTeX package

(/usr/share/texlive/texmf-dist/tex/latex/base/tracefnt.sty
Package: tracefnt 2020/12/22 v3.0n Standard LaTeX package (font tracing)
\tracingfonts=\count287
LaTeX Info: Redefining \selectfont on input line 107.
Applying: [2021/06/01] Add hook to \selectfont  on input line 142.
Already applied: [0000/00/00] Add hook to \selectfont  on input line 145.
)
\symbold=\mathgroup4
\symsans=\mathgroup5
\symtypewriter=\mathgroup6
\symitalic=\mathgroup7
\symsmallcaps=\mathgroup8
\symslanted=\mathgroup9
LaTeX Font Info:    Redeclaring math alphabet \mathbf on input line 61.
LaTeX Font Info:    Redeclaring math alphabet \mathsf on input line 62.
LaTeX Font Info:    Redeclaring math alphabet \mathtt on input line 63.
LaTeX Font Info:    Redeclaring math alphabet \mathit on input line 69.
LaTeX Info: Redefining \em on input line 79.

(/usr/share/texlive/texmf-dist/tex/latex/base/latexsym.sty
Package: latexsym 1998/08/17 v2.2e Standard LaTeX package (lasy symbols)
\symlasy=\mathgroup10
LaTeX Font Info:    Overwriting symbol font `lasy' in version `bold'
(Font)                  U/lasy/m/n --> U/lasy/b/n on input line 52.
))
(/usr/share/texlive/texmf-dist/tex/latex/base/fleqn.clo
File: fleqn.clo 2016/12/29 v1.2b Standard LaTeX option (flush left equations)
\mathindent=\skip48
Applying: [2015/01/01] Make \[ robust on input line 50.
LaTeX Info: Redefining \[ on input line 51.
Already applied: [0000/00/00] Make \[ robust on input line 62.
Applying: [2015/01/01] Make \] robust on input line 74.
LaTeX Info: Redefining \] on input line 75.
Already applied: [0000/00/00] Make \] robust on input line 83.
)
-- This is a 10 point document
\tmpitemindent=\dimen150
\c@section=\count288
\c@subsection=\count289
\c@subsubsection=\count290
\captionindent=\skip49
\c@figure=\count291
\c@table=\count292
\@minsofar=\count293
\@min=\count294
\@cite@temp=\count295
\c@theorem=\count296
) (/usr/share/texlive/texmf-dist/tex/latex/ascmac/ascmac.sty
Package: ascmac 2020/01/15 v2.1 ascmac wrapper (community edition) 

(/usr/share/texlive/texmf-dist/tex/latex/ascmac/tascmac.sty
Package: tascmac 2020/01/15 v2.1 ascmac package (community edition) 
Package tascmac Info: Assuming pdfLaTeX, XeLaTeX or LuaLaTeX on input line 44.
\scb@x=\box51
\scscb@x=\box52
\@bw=\dimen151
\@nbox=\box53
\@nbody=\box54
\@scw=\dimen152
\ascmac@hoboxa=\box55
\ascmac@hoboxb=\box56
\@itemh=\dimen153
\@iboxpos=\toks19
\@iboxstr=\box57
\@bwsp=\box58
\@@bwsp=\box59
\@bcal=\count297
\shaderule=\dimen154
))
(/usr/share/texlive/texmf-dist/tex/latex/amsfonts/amssymb.sty
Package: amssymb 2013/01/14 v3.01 AMS font symbols

(/usr/share/texlive/texmf-dist/tex/latex/amsfonts/amsfonts.sty
Package: amsfonts 2013/01/14 v3.01 Basic AMSFonts support
\@emptytoks=\toks20
\symAMSa=\mathgroup11
\symAMSb=\mathgroup12
LaTeX Font Info:    Redeclaring math symbol \hbar on input line 98.
LaTeX Font Info:    Overwriting math alphabet `\mathfrak' in version `bold'
(Font)                  U/euf/m/n --> U/euf/b/n on input line 106.
))
(/usr/share/texlive/texmf-dist/tex/latex/breqn/breqn.sty
(/usr/share/texlive/texmf-dist/tex/latex/l3kernel/expl3.sty
Package: expl3 2024-01-22 L3 programming layer (loader) 

(/usr/share/texlive/texmf-dist/tex/latex/l3backend/l3backend-pdftex.def
File: l3backend-pdftex.def 2024-01-04 L3 backend support: PDF output (pdfTeX)
\l__color_backend_stack_int=\count298
\l__pdf_internal_box=\box60
))
Package: breqn 2021/10/28 v0.98l Breaking equations

(/usr/share/texlive/texmf-dist/tex/latex/amsmath/amsmath.sty
Package: amsmath 2023/05/13 v2.17o AMS math features
\@mathmargin=\skip50

For additional information on amsmath, use the `?' option.
(/usr/share/texlive/texmf-dist/tex/latex/amsmath/amstext.sty
Package: amstext 2021/08/26 v2.01 AMS text

(/usr/share/texlive/texmf-dist/tex/latex/amsmath/amsgen.sty
File: amsgen.sty 1999/11/30 v2.0 generic functions
\@emptytoks=\toks21
\ex@=\dimen155
))
(/usr/share/texlive/texmf-dist/tex/latex/amsmath/amsbsy.sty
Package: amsbsy 1999/11/29 v1.2d Bold Symbols
\pmbraise@=\dimen156
)
(/usr/share/texlive/texmf-dist/tex/latex/amsmath/amsopn.sty
Package: amsopn 2022/04/08 v2.04 operator names
)
\inf@bad=\count299
LaTeX Info: Redefining \frac on input line 234.
\uproot@=\count300
\leftroot@=\count301
LaTeX Info: Redefining \overline on input line 399.
LaTeX Info: Redefining \colon on input line 410.
\classnum@=\count302
\DOTSCASE@=\count303
LaTeX Info: Redefining \ldots on input line 496.
LaTeX Info: Redefining \dots on input line 499.
LaTeX Info: Redefining \cdots on input line 620.
\Mathstrutbox@=\box61
\strutbox@=\box62
LaTeX Info: Redefining \big on input line 722.
LaTeX Info: Redefining \Big on input line 723.
LaTeX Info: Redefining \bigg on input line 724.
LaTeX Info: Redefining \Bigg on input line 725.
\big@size=\dimen157
LaTeX Font Info:    Redeclaring font encoding OML on input line 743.
LaTeX Font Info:    Redeclaring font encoding OMS on input line 744.
\macc@depth=\count304
LaTeX Info: Redefining \bmod on input line 905.
LaTeX Info: Redefining \pmod on input line 910.
LaTeX Info: Redefining \smash on input line 940.
LaTeX Info: Redefining \relbar on input line 970.
LaTeX Info: Redefining \Relbar on input line 971.
\c@MaxMatrixCols=\count305
\dotsspace@=\muskip16
\c@parentequation=\count306
\dspbrk@lvl=\count307
\tag@help=\toks22
\row@=\count308
\column@=\count309
\maxfields@=\count310
\andhelp@=\toks23
\eqnshift@=\dimen158
\alignsep@=\dimen159
\tagshift@=\dimen160
\tagwidth@=\dimen161
\totwidth@=\dimen162
\lineht@=\dimen163
\@envbody=\toks24
\multlinegap=\skip51
\multlinetaggap=\skip52
\mathdisplay@stack=\toks25
LaTeX Info: Redefining \[ on input line 2953.
LaTeX Info: Redefining \] on input line 2954.
)
(/usr/share/texlive/texmf-dist/tex/latex/breqn/flexisym.sty
Package: flexisym 2021/10/28 v0.98l Make math characters macros
LaTeX Info: Redefining \textprime on input line 299.
LaTeX Info: Redefining \not on input line 357.

(/usr/share/texlive/texmf-dist/tex/latex/breqn/cmbase.sym
File: cmbase.sym 2007/12/19 v0.92
LaTeX Info: Redefining \hbar on input line 324.
LaTeX Info: Redefining \surd on input line 326.
LaTeX Info: Redefining \angle on input line 334.
LaTeX Info: Redefining \neq on input line 335.
LaTeX Info: Redefining \mapsto on input line 336.
LaTeX Info: Redefining \cong on input line 337.
LaTeX Info: Redefining \notin on input line 340.
LaTeX Info: Redefining \rightleftharpoons on input line 341.
LaTeX Info: Redefining \doteq on input line 342.
LaTeX Info: Redefining \hookrightarrow on input line 343.
LaTeX Info: Redefining \hookleftarrow on input line 344.
LaTeX Info: Redefining \bowtie on input line 345.
LaTeX Info: Redefining \models on input line 346.
LaTeX Info: Redefining \Longrightarrow on input line 347.
LaTeX Info: Redefining \longrightarrow on input line 348.
LaTeX Info: Redefining \Longleftarrow on input line 349.
LaTeX Info: Redefining \longleftarrow on input line 350.
LaTeX Info: Redefining \longmapsto on input line 351.
LaTeX Info: Redefining \longleftrightarrow on input line 352.
LaTeX Info: Redefining \Longleftrightarrow on input line 353.
LaTeX Info: Redefining \cdots on input line 357.
LaTeX Info: Redefining \vdots on input line 360.
LaTeX Info: Redefining \ddots on input line 365.
)
(/usr/share/texlive/texmf-dist/tex/latex/breqn/mathstyle.sty
Package: mathstyle 2021/10/28 v0.98l Tracking mathstyle implicitly
LaTeX Info: Redefining \displaystyle on input line 95.
LaTeX Info: Redefining \textstyle on input line 97.
LaTeX Info: Redefining \scriptstyle on input line 99.
LaTeX Info: Redefining \scriptscriptstyle on input line 101.
LaTeX Info: Redefining \genfrac on input line 149.
))
(/usr/share/texlive/texmf-dist/tex/latex/tools/calc.sty
Package: calc 2023/07/08 v4.3 Infix arithmetic (KKT,FJ)
\calc@Acount=\count311
\calc@Bcount=\count312
\calc@Adimen=\dimen164
\calc@Bdimen=\dimen165
\calc@Askip=\skip53
\calc@Bskip=\skip54
LaTeX Info: Redefining \setlength on input line 80.
LaTeX Info: Redefining \addtolength on input line 81.
\calc@Ccount=\count313
\calc@Cskip=\skip55
)
\inf@bad=\count314
\maxint=\count315
\listwidth=\dimen166
\eqnumsep=\dimen167
\eqmargin=\dimen168
\eqlinespacing=\skip56
\eqlineskip=\skip57
\eqlineskiplimit=\dimen169
\eqbinoffset=\muskip17
\eqdelimoffset=\muskip18
\eqindentstep=\dimen170
\eqstyle=\toks26
\eqbreakdepth=\count316
\eqinterlinepenalty=\count317
\intereqpenalty=\count318
\intereqskip=\skip58
\prerelpenalty=\count319
\prebinoppenalty=\count320
\Dmedmuskip=\muskip19
\Dthickmuskip=\muskip20
\eqleftskip=\skip59
\eqrightskip=\skip60
\eq@vspan=\skip61
\eq@binoffset=\muskip21
\EQ@box=\box63
\EQ@copy=\box64
\EQ@numbox=\box65
\eq@wdNum=\dimen171
\GRP@numbox=\box66
\grp@wdNum=\dimen172
\eq@lines=\count321
\eq@curline=\count322
\eq@badness=\count323
\EQ@vims=\count324
\eq@dp=\dimen173
\eq@wdL=\dimen174
\eq@wdT=\dimen175
\eq@wdMin=\dimen176
\grp@wdL=\dimen177
\grp@wdR=\dimen178
\grp@wdT=\dimen179
\eq@wdRmax=\dimen180
\eq@firstht=\dimen181
\eq@wdCond=\dimen182
\eq@indentstep=\dimen183
\eq@linewidth=\dimen184
\grp@linewidth=\dimen185
\eq@hshift=\dimen186
\eq@given@sidespace=\dimen187
\eq@final@linecount=\count325
\eq@wdR=\dimen188
\EQ@continue=\toks27
\lr@level=\count326
\GRP@queue=\toks28
\GRP@box=\box67
\GRP@wholebox=\box68
\darraycolsep=\skip62
\cur@row=\count327
\cur@col=\count328
\conditionsep=\skip63
)
(/usr/share/texlive/texmf-dist/tex/latex/tools/bm.sty
Package: bm 2023/07/08 v1.2f Bold Symbol Support (DPC/FMi)
\symboldoperators=\mathgroup13
\symboldletters=\mathgroup14
\symboldsymbols=\mathgroup15
Package bm Info: No bold for \OMX/cmex/m/n, using \pmb.
Package bm Info: No bold for \OT1/cmr/bx/n, using \pmb.
Package bm Info: No bold for \OT1/cmss/m/n, using \pmb.
Package bm Info: No bold for \OT1/cmtt/m/n, using \pmb.
Package bm Info: No bold for \OT1/cmr/m/it, using \pmb.
Package bm Info: No bold for \OT1/cmr/m/sc, using \pmb.
Package bm Info: No bold for \OT1/cmr/m/sl, using \pmb.
Package bm Info: No bold for \U/msa/m/n, using \pmb.
Package bm Info: No bold for \U/msb/m/n, using \pmb.
)
(/usr/share/texlive/texmf-dist/tex/latex/comment/comment.sty
\CommentStream=\write3

Excluding comment 'comment')
(/usr/share/texlive/texmf-dist/tex/latex/pdfpages/pdfpages.sty
Package: pdfpages 2024/01/21 v0.5y Insert pages of external PDF documents (AM)

(/usr/share/texlive/texmf-dist/tex/latex/base/ifthen.sty
Package: ifthen 2022/04/13 v1.1d Standard LaTeX ifthen package (DPC)
)
(/usr/share/texlive/texmf-dist/tex/latex/eso-pic/eso-pic.sty
Package: eso-pic 2023/05/03 v3.0c eso-pic (RN)
\ESO@tempdima=\dimen189
\ESO@tempdimb=\dimen190

(/usr/share/texlive/texmf-dist/tex/latex/xcolor/xcolor.sty
Package: xcolor 2023/11/15 v3.01 LaTeX color extensions (UK)

(/usr/share/texlive/texmf-dist/tex/latex/graphics-cfg/color.cfg
File: color.cfg 2016/01/02 v1.6 sample color configuration
)
Package xcolor Info: Driver file: pdftex.def on input line 274.

(/usr/share/texlive/texmf-dist/tex/latex/graphics/mathcolor.ltx)
Package xcolor Info: Model `cmy' substituted by `cmy0' on input line 1350.
Package xcolor Info: Model `hsb' substituted by `rgb' on input line 1354.
Package xcolor Info: Model `RGB' extended on input line 1366.
Package xcolor Info: Model `HTML' substituted by `rgb' on input line 1368.
Package xcolor Info: Model `Hsb' substituted by `hsb' on input line 1369.
Package xcolor Info: Model `tHsb' substituted by `hsb' on input line 1370.
Package xcolor Info: Model `HSB' substituted by `hsb' on input line 1371.
Package xcolor Info: Model `Gray' substituted by `gray' on input line 1372.
Package xcolor Info: Model `wave' substituted by `hsb' on input line 1373.
))
\AM@pagewidth=\dimen191
\AM@pageheight=\dimen192
\AM@fboxrule=\dimen193

(/usr/share/texlive/texmf-dist/tex/latex/pdfpages/pppdftex.def
File: pppdftex.def 2024/01/21 v0.5y Pdfpages driver for pdfTeX (AM)
)
\pdfpages@includegraphics@status=\count329
\AM@pagebox=\box69
\AM@global@opts=\toks29
\AM@pagecnt=\count330
\AM@toc@title=\toks30
\AM@lof@heading=\toks31
\c@AM@survey=\count331
\AM@templatesizebox=\box70
)
(/usr/share/texlive/texmf-dist/tex/latex/algorithms/algorithm.sty
Package: algorithm 2009/08/24 v0.1 Document Style `algorithm' - floating enviro
nment

(/usr/share/texlive/texmf-dist/tex/latex/float/float.sty
Package: float 2001/11/08 v1.3d Float enhancements (AL)
\c@float@type=\count332
\float@exts=\toks32
\float@box=\box71
\@float@everytoks=\toks33
\@floatcapt=\box72
)
\@float@every@algorithm=\toks34
\c@algorithm=\count333
)
(/usr/share/texlive/texmf-dist/tex/latex/algorithms/algorithmic.sty
Package: algorithmic 2009/08/24 v0.1 Document Style `algorithmic'
\c@ALC@unique=\count334
\c@ALC@line=\count335
\c@ALC@rem=\count336
\c@ALC@depth=\count337
\ALC@tlm=\skip64
\algorithmicindent=\skip65
)
(/usr/share/texlive/texmf-dist/tex/latex/base/inputenc.sty
Package: inputenc 2021/02/14 v1.3d Input encoding file
\inpenc@prehook=\toks35
\inpenc@posthook=\toks36
)
LaTeX Font Info:    Trying to load font information for OT1+ptm on input line 4
1.

(/usr/share/texlive/texmf-dist/tex/latex/psnfss/ot1ptm.fd
File: ot1ptm.fd 2001/06/04 font definitions for OT1/ptm.
)

LaTeX Warning: Unused global option(s):
    [a4paper].

(./ISCS_Arita_forFinal_v1.0.aux)
\openout1 = `ISCS_Arita_forFinal_v1.0.aux'.

LaTeX Font Info:    Checking defaults for OML/cmm/m/it on input line 41.
LaTeX Font Info:    ... okay on input line 41.
LaTeX Font Info:    Checking defaults for OMS/cmsy/m/n on input line 41.
LaTeX Font Info:    ... okay on input line 41.
LaTeX Font Info:    Checking defaults for OT1/cmr/m/n on input line 41.
LaTeX Font Info:    ... okay on input line 41.
LaTeX Font Info:    Checking defaults for T1/cmr/m/n on input line 41.
LaTeX Font Info:    ... okay on input line 41.
LaTeX Font Info:    Checking defaults for TS1/cmr/m/n on input line 41.
LaTeX Font Info:    ... okay on input line 41.
LaTeX Font Info:    Checking defaults for OMX/cmex/m/n on input line 41.
LaTeX Font Info:    ... okay on input line 41.
LaTeX Font Info:    Checking defaults for U/cmr/m/n on input line 41.
LaTeX Font Info:    ... okay on input line 41.

*geometry* driver: auto-detecting
*geometry* detected driver: pdftex
*geometry* verbose mode - [ preamble ] result:
* driver: pdftex
* paper: a4paper
* layout: <same size as paper>
* layoutoffset:(h,v)=(0.0pt,0.0pt)
* modes: 
* h-part:(L,W,R)=(89.62709pt, 418.25368pt, 89.6271pt)
* v-part:(T,H,B)=(101.40665pt, 591.5302pt, 152.11pt)
* \paperwidth=597.50787pt
* \paperheight=845.04684pt
* \textwidth=483.69684pt
* \textheight=699.93779pt
* \oddsidemargin=-15.36446pt
* \evensidemargin=-15.36446pt
* \topmargin=-31.29802pt
* \headheight=12.0pt
* \headsep=19.91692pt
* \topskip=10.0pt
* \footskip=28.45274pt
* \marginparwidth=0.0pt
* \marginparsep=0.0pt
* \columnsep=28.45274pt
* \skip\footins=10.0pt plus 4.0pt minus 2.0pt
* \hoffset=0.0pt
* \voffset=0.0pt
* \mag=1000
* \@twocolumntrue
* \@twosidefalse
* \@mparswitchfalse
* \@reversemarginfalse
* (1in=72.27pt=25.4mm, 1cm=28.453pt)

(/usr/share/texlive/texmf-dist/tex/context/base/mkii/supp-pdf.mkii
[Loading MPS to PDF converter (version 2006.09.02).]
\scratchcounter=\count338
\scratchdimen=\dimen194
\scratchbox=\box73
\nofMPsegments=\count339
\nofMParguments=\count340
\everyMPshowfont=\toks37
\MPscratchCnt=\count341
\MPscratchDim=\dimen195
\MPnumerator=\count342
\makeMPintoPDFobject=\count343
\everyMPtoPDFconversion=\toks38
) (/usr/share/texlive/texmf-dist/tex/latex/epstopdf-pkg/epstopdf-base.sty
Package: epstopdf-base 2020-01-24 v2.11 Base part for package epstopdf

(/usr/share/texlive/texmf-dist/tex/generic/infwarerr/infwarerr.sty
Package: infwarerr 2019/12/03 v1.5 Providing info/warning/error messages (HO)
)
(/usr/share/texlive/texmf-dist/tex/latex/grfext/grfext.sty
Package: grfext 2019/12/03 v1.3 Manage graphics extensions (HO)

(/usr/share/texlive/texmf-dist/tex/generic/kvdefinekeys/kvdefinekeys.sty
Package: kvdefinekeys 2019-12-19 v1.6 Define keys (HO)
))
(/usr/share/texlive/texmf-dist/tex/latex/kvoptions/kvoptions.sty
Package: kvoptions 2022-06-15 v3.15 Key value format for package options (HO)

(/usr/share/texlive/texmf-dist/tex/generic/ltxcmds/ltxcmds.sty
Package: ltxcmds 2023-12-04 v1.26 LaTeX kernel commands for general use (HO)
)
(/usr/share/texlive/texmf-dist/tex/latex/kvsetkeys/kvsetkeys.sty
Package: kvsetkeys 2022-10-05 v1.19 Key value parser (HO)
))
(/usr/share/texlive/texmf-dist/tex/generic/pdftexcmds/pdftexcmds.sty
Package: pdftexcmds 2020-06-27 v0.33 Utility functions of pdfTeX for LuaTeX (HO
)
Package pdftexcmds Info: \pdf@primitive is available.
Package pdftexcmds Info: \pdf@ifprimitive is available.
Package pdftexcmds Info: \pdfdraftmode found.
)
Package epstopdf-base Info: Redefining graphics rule for `.eps' on input line 4
85.
Package grfext Info: Graphics extension search list:
(grfext)             [.pdf,.png,.jpg,.mps,.jpeg,.jbig2,.jb2,.PDF,.PNG,.JPG,.JPE
G,.JBIG2,.JB2,.eps]
(grfext)             \AppendGraphicsExtensions on input line 504.

(/usr/share/texlive/texmf-dist/tex/latex/latexconfig/epstopdf-sys.cfg
File: epstopdf-sys.cfg 2010/07/13 v1.3 Configuration of (r)epstopdf for TeX Liv
e
))
(/usr/share/texlive/texmf-dist/tex/latex/pdflscape/pdflscape.sty
Package: pdflscape 2022-10-27 v0.13 Display of landscape pages in PDF

(/usr/share/texlive/texmf-dist/tex/latex/pdflscape/pdflscape-nometadata.sty
Package: pdflscape-nometadata 2022-10-28 v0.13 Display of landscape pages in PD
F (HO)

(/usr/share/texlive/texmf-dist/tex/latex/graphics/lscape.sty
Package: lscape 2020/05/28 v3.02 Landscape Pages (DPC)
)
Package pdflscape Info: Auto-detected driver: pdftex on input line 81.
))
LaTeX Font Info:    Trying to load font information for U+msa on input line 43.


(/usr/share/texlive/texmf-dist/tex/latex/amsfonts/umsa.fd
File: umsa.fd 2013/01/14 v3.01 AMS symbols A
)
LaTeX Font Info:    Trying to load font information for U+msb on input line 43.


(/usr/share/texlive/texmf-dist/tex/latex/amsfonts/umsb.fd
File: umsb.fd 2013/01/14 v3.01 AMS symbols B
)
Overfull \hbox (10.85663pt too wide) in paragraph at lines 48--49
[]\OT1/ptm/m/n/10 Many au-tonomous mo-bile robots re-quire self-localization
 []


Underfull \vbox (badness 10000) has occurred while \output is active []


Underfull \hbox (badness 10000) has occurred while \output is active
[]
 []

[1{/var/lib/texmf/fonts/map/pdftex/updmap/pdftex.map}{/usr/share/texlive/texmf-
dist/fonts/enc/dvips/base/8r.enc}


]
Underfull \hbox (badness 1248) in paragraph at lines 58--59
[]\OT1/ptm/m/n/10 Therefore, in this study, we pro-pose a Co-op-er-a-
 []


Overfull \hbox (8.91656pt too wide) in paragraph at lines 62--63
[]\OT1/ptm/m/n/10 The rea-son for in-tro-duc-ing col-lab-o-ra-tive self-localiz
ation
 []


Underfull \hbox (badness 1533) in paragraph at lines 62--63
\OT1/ptm/m/n/10 in the prob-a-bil-ity dis-tri-bu-tion. Con-ven-tional graph
 []


Underfull \hbox (badness 10000) has occurred while \output is active
[]
 []

[2]
Underfull \hbox (badness 6396) in paragraph at lines 87--88
[]\OT1/ptm/m/n/10 "Cooperative Visual-Inertial SLAM for Mul-ti-ple
 []


Underfull \hbox (badness 10000) has occurred while \output is active
[]
 []

[3]
<Fig/idea_image_middle.png, id=18, 353.32pt x 668.4975pt>
File: Fig/idea_image_middle.png Graphic file (type png)
<use Fig/idea_image_middle.png>
Package pdftex.def Info: Fig/idea_image_middle.png  used on input line 122.
(pdftex.def)             Requested size: 227.62204pt x 430.67265pt.

Underfull \vbox (badness 10000) has occurred while \output is active []


Underfull \hbox (badness 10000) has occurred while \output is active
[]
 []

[4 <./Fig/idea_image_middle.png>]
LaTeX Font Info:    Trying to load font information for TS1+ptm on input line 1
89.

(/usr/share/texlive/texmf-dist/tex/latex/psnfss/ts1ptm.fd
File: ts1ptm.fd 2001/06/04 font definitions for TS1/ptm.
)
Underfull \hbox (badness 1052) in paragraph at lines 216--217
[]\OT1/ptm/m/n/10 We pro-pose a Co-op-er-a-tive Vi-sual In-er-tial Sys-tem
 []


Underfull \hbox (badness 10000) has occurred while \output is active
[]
 []

[5]
Underfull \hbox (badness 1127) in paragraph at lines 223--224
\OT1/ptm/m/n/10 pro-posed method gen-er-al-izes gra-di-ent cal-cu-la-tion on
 []


Underfull \hbox (badness 1590) in paragraph at lines 234--235
\OT1/ptm/m/n/10 ma-rized in Ta-ble 1. The pro-posed method rep-re-
 []


Underfull \hbox (badness 10000) in paragraph at lines 244--244
[]\OT1/ptm/m/n/10 Probability dis-tri-bu-tion
 []


Underfull \hbox (badness 10000) in paragraph at lines 244--244
[]\OT1/ptm/m/n/10 Non-parametric rep-re-sen-ta-
 []


Underfull \hbox (badness 3942) in paragraph at lines 244--245
[]\OT1/ptm/m/n/10 Single op-ti-mal so-lu-tion or
 []


Underfull \hbox (badness 3168) in paragraph at lines 246--246
[]\OT1/ptm/m/n/10 Gradient method based on
 []


Underfull \hbox (badness 4084) in paragraph at lines 246--247
[]\OT1/ptm/m/n/10 Graph op-ti-miza-tion or ex-
 []


Underfull \hbox (badness 1803) in paragraph at lines 248--248
[]\OT1/ptm/m/n/10 Multimodal dis-tri-bu-tion
 []


Underfull \hbox (badness 6078) in paragraph at lines 248--248
[]\OT1/ptm/m/n/10 Simultaneous rep-re-sen-ta-tion
 []


Underfull \hbox (badness 6204) in paragraph at lines 250--250
[]\OT1/ptm/m/n/10 Distribution-level con-sen-sus
 []


Underfull \hbox (badness 10000) in paragraph at lines 252--252
[]\OT1/ptm/m/n/10 Natural re-duc-tion through
 []


Underfull \hbox (badness 10000) in paragraph at lines 254--254
[]\OT1/ptm/m/n/10 Hierarchical like-li-hood
 []


Underfull \hbox (badness 2951) in paragraph at lines 254--255
[]\OT1/ptm/m/n/10 Single-level fea-tures (SIFT,
 []


Underfull \hbox (badness 10000) in paragraph at lines 256--256
[]\OT1/ptm/m/n/10 Computational im-ple-
 []


Underfull \hbox (badness 10000) in paragraph at lines 256--257
[]\OT1/ptm/m/n/10 Mainly CPU-based im-ple-
 []


Overfull \hbox (146.96556pt too wide) in paragraph at lines 240--261
 [][] 
 []


Underfull \hbox (badness 1303) in paragraph at lines 263--264
\OT1/ptm/m/n/10 ADMM en-sures con-sen-sus be-tween mul-ti-ple agents.
 []

<Fig/simple_model.png, id=27, 659.46375pt x 581.17125pt>
File: Fig/simple_model.png Graphic file (type png)
<use Fig/simple_model.png>
Package pdftex.def Info: Fig/simple_model.png  used on input line 269.
(pdftex.def)             Requested size: 227.62204pt x 200.59297pt.

Underfull \hbox (badness 10000) has occurred while \output is active
[]
 []

[6 <./Fig/simple_model.png>]
Underfull \hbox (badness 1708) in paragraph at lines 284--285
[]\OT1/ptm/b/n/10 Distributed Con-sen-sus Mod-ule: \OT1/ptm/m/n/10 Us-ing Re-la
xed
 []


Underfull \hbox (badness 1748) in paragraph at lines 296--297
[]\OT1/ptm/m/n/10 The IMU Prein-te-gra-tion Mod-ule pre-dicts par-ti-cle
 []


Underfull \hbox (badness 2080) in paragraph at lines 300--301
[]\OT1/ptm/m/n/10 Following Forster et al. [7], we per-form pre-
 []


Overfull \hbox (14.75998pt too wide) detected at line 306
[]
 []


Underfull \hbox (badness 1117) in paragraph at lines 332--333
\OT1/ptm/m/n/10 data and ac-cu-rate cal-cu-la-tion of state tran-si-tions on
 []

<Fig/likelihood.png, id=32, 724.7075pt x 572.1375pt>
File: Fig/likelihood.png Graphic file (type png)
<use Fig/likelihood.png>
Package pdftex.def Info: Fig/likelihood.png  used on input line 338.
(pdftex.def)             Requested size: 227.62204pt x 179.70045pt.

Underfull \hbox (badness 1057) in paragraph at lines 349--350
\OT1/ptm/m/n/10 us-ing Su-per-point [13]. NetVLAD ex-tracts a 4096-
 []


Underfull \hbox (badness 10000) has occurred while \output is active
[]
 []

[7]
<Fig/matching_images.png, id=48, 923.45pt x 358.33875pt>
File: Fig/matching_images.png Graphic file (type png)
<use Fig/matching_images.png>
Package pdftex.def Info: Fig/matching_images.png  used on input line 353.
(pdftex.def)             Requested size: 227.62204pt x 88.32687pt.

Overfull \hbox (8.50345pt too wide) detected at line 375
$\OML/cmm/m/it/10 e[] \OT1/cmr/m/n/10 = \OML/cmm/m/it/10 T[]p[] \OMS/cmsy/m/n/1
0 ^^@ \OML/cmm/m/it/10 T[]p[];  \OT1/cmr/m/n/10 
[] = [][]$  
 []


Underfull \hbox (badness 2197) in paragraph at lines 395--396
[]\OT1/ptm/m/n/10 This hi-er-ar-chi-cal ap-proach en-ables sta-ble fea-ture
 []


Underfull \hbox (badness 1205) in paragraph at lines 399--400
[]\OT1/ptm/m/n/10 The hard-ware con-fig-u-ra-tion for im-ple-ment-ing our
 []


Underfull \hbox (badness 10000) has occurred while \output is active
[]
 []

[8 <./Fig/likelihood.png> <./Fig/matching_images.png>]
Underfull \hbox (badness 2181) in paragraph at lines 466--467
[]\OT1/ptm/m/n/10 The Al-ter-nat-ing Di-rec-tion Method of Mul-ti-pli-ers
 []


Overfull \hbox (17.07721pt too wide) detected at line 478
$[] [] \OML/cmm/m/it/10 f[]\OT1/cmr/m/n/10 (\OML/cmm/m/it/10 x[]\OT1/cmr/m/n/10
 ) [] \OML/cmm/m/it/10 x[] \OT1/cmr/m/n/10 = \OML/cmm/m/it/10 y[]; x[] \OT1/cmr
/m/n/10 = \OML/cmm/m/it/10 y[]; \OMS/cmsy/m/n/10 8\OT1/cmr/m/n/10 (\OML/cmm/m/i
t/10 i; j\OT1/cmr/m/n/10 ) \OMS/cmsy/m/n/10 2 E$  
 []


Overfull \hbox (185.25961pt too wide) detected at line 484
$\OMS/cmsy/m/n/10 L[]\OT1/cmr/m/n/10 (\OMS/cmsy/m/n/10 fx[]g\OML/cmm/m/it/10 ; 
\OMS/cmsy/m/n/10 fy[]g\OML/cmm/m/it/10 ; \OMS/cmsy/m/n/10 fz[]g\OT1/cmr/m/n/10 
) = [] \OMS/cmsy/m/n/10 f[]\OT1/cmr/m/n/10 (\OMS/cmsy/m/n/10 x[]\OT1/cmr/m/n/10
 ) + [][\OMS/cmsy/m/n/10 z[]\OT1/cmr/m/n/10 (\OMS/cmsy/m/n/10 x[] ^^@ y[]\OT1/c
mr/m/n/10 ) + \OMS/cmsy/m/n/10 z[]\OT1/cmr/m/n/10 (\OMS/cmsy/m/n/10 x[] ^^@ y[]
\OT1/cmr/m/n/10 ) + [](\OMS/cmsy/m/n/10 kx[] ^^@ y[]k[]\OT1/cmr/m/n/10 +\OMS/cm
sy/m/n/10 kx[] ^^@ y[]k[]\OT1/cmr/m/n/10 )]$  
 []


Overfull \hbox (21.22804pt too wide) detected at line 502
[]
 []


Underfull \hbox (badness 10000) has occurred while \output is active
[]
 []

[9]
Underfull \hbox (badness 10000) detected at line 552
[]\OT1/ptm/m/n/8 1:[]
 []


Underfull \hbox (badness 10000) detected at line 553
[]\OT1/ptm/m/n/8 2:[]
 []


Underfull \hbox (badness 10000) detected at line 554
[]\OT1/ptm/m/n/8 3:[]
 []


Underfull \hbox (badness 10000) detected at line 555
[]\OT1/ptm/m/n/8 4:[]
 []


Underfull \hbox (badness 10000) detected at line 556
[]\OT1/ptm/m/n/8 5:[]
 []


Underfull \hbox (badness 10000) detected at line 557
[]\OT1/ptm/m/n/8 6:[]
 []


Underfull \hbox (badness 10000) detected at line 558
[]\OT1/ptm/m/n/8 7:[]
 []


Underfull \hbox (badness 10000) in paragraph at lines 558--559
[] []\OT1/ptm/m/n/10 Compute lo-cal MAP es-ti-mate: $[] \OT1/cmr/m/n/10 =
 []


Underfull \hbox (badness 10000) detected at line 559
[]\OT1/ptm/m/n/8 8:[]
 []


Underfull \hbox (badness 10000) detected at line 560
[]\OT1/ptm/m/n/8 9:[]
 []


Underfull \hbox (badness 10000) detected at line 561
[]\OT1/ptm/m/n/8 10:[]
 []


Underfull \hbox (badness 10000) detected at line 562
[]\OT1/ptm/m/n/8 11:[]
 []


Overfull \hbox (11.37424pt too wide) detected at line 580
[][]
 []


Underfull \hbox (badness 10000) has occurred while \output is active
[]
 []

[10]
<Fig/error_0.2_sim.png, id=62, 996.72375pt x 977.6525pt>
File: Fig/error_0.2_sim.png Graphic file (type png)
<use Fig/error_0.2_sim.png>
Package pdftex.def Info: Fig/error_0.2_sim.png  used on input line 642.
(pdftex.def)             Requested size: 227.62204pt x 223.25914pt.

Underfull \hbox (badness 2591) in paragraph at lines 655--657
[]\OT1/ptm/m/n/10 Accuracy of po-si-tion es-ti-ma-tion: The pro-posed
 []


Underfull \hbox (badness 1097) in paragraph at lines 655--657
\OT1/ptm/m/n/10 and Ab-so-lute Ori-en-ta-tion Er-ror (AOE) than ex-ist-ing
 []


Underfull \hbox (badness 2326) in paragraph at lines 664--666
[]\OT1/ptm/m/n/10 Real-world ap-pli-ca-bil-ity: The lim-ited real-world
 []


Underfull \hbox (badness 10000) has occurred while \output is active
[]
 []

[11 <./Fig/error_0.2_sim.png>]
<Fig/particle_filter_demo.png, id=67, 855.195pt x 579.16376pt>
File: Fig/particle_filter_demo.png Graphic file (type png)
<use Fig/particle_filter_demo.png>
Package pdftex.def Info: Fig/particle_filter_demo.png  used on input line 671.
(pdftex.def)             Requested size: 227.62204pt x 154.14929pt.
<Fig/benchmark.png, id=68, 991.705pt x 552.0625pt>
File: Fig/benchmark.png Graphic file (type png)
<use Fig/benchmark.png>
Package pdftex.def Info: Fig/benchmark.png  used on input line 684.
(pdftex.def)             Requested size: 227.62204pt x 126.71056pt.

Underfull \hbox (badness 7047) in paragraph at lines 702--703
[]\OT1/ptm/m/n/10 Experimental re-sults demon-strate that the pro-
 []


Underfull \hbox (badness 10000) detected at line 708
[]\OT1/ptm/m/n/10 [1][]
 []


Underfull \hbox (badness 10000) detected at line 710
[]\OT1/ptm/m/n/10 [2][]
 []


Underfull \hbox (badness 10000) detected at line 712
[]\OT1/ptm/m/n/10 [3][]
 []


Underfull \hbox (badness 1189) in paragraph at lines 712--713
\OT1/ptm/m/n/10 vi-ron-ments,'' \OT1/ptm/m/it/10 IEEE In-ter-na-tional Con-fer-
ence on
 []


Underfull \hbox (badness 10000) detected at line 714
[]\OT1/ptm/m/n/10 [4][]
 []


Underfull \hbox (badness 10000) detected at line 716
[]\OT1/ptm/m/n/10 [5][]
 []


Underfull \hbox (badness 10000) detected at line 718
[]\OT1/ptm/m/n/10 [6][]
 []


Underfull \hbox (badness 10000) detected at line 720
[]\OT1/ptm/m/n/10 [7][]
 []


Underfull \hbox (badness 10000) detected at line 722
[]\OT1/ptm/m/n/10 [8][]
 []


Underfull \hbox (badness 10000) has occurred while \output is active
[]
 []

[12 <./Fig/particle_filter_demo.png> <./Fig/benchmark.png>]
Underfull \hbox (badness 10000) detected at line 724
[]\OT1/ptm/m/n/10 [9][]
 []


Underfull \hbox (badness 1019) in paragraph at lines 726--727
\OT1/ptm/m/n/10 lar Si-mul-ta-ne-ous Lo-cal-iza-tion and Map-ping for
 []


Underfull \hbox (badness 1112) in paragraph at lines 728--729
[]\OT1/ptm/m/n/10 N. Bas-tianello, R. Carli, L. Schen-ato, and M.
 []


Underfull \hbox (badness 10000) has occurred while \output is active
[]
 []

[13

] (./ISCS_Arita_forFinal_v1.0.aux)
 ***********
LaTeX2e <2023-11-01> patch level 1
L3 programming layer <2024-01-22>
 ***********
 ) 
Here is how much of TeX's memory you used:
 6829 strings out of 475589
 104515 string characters out of 5782860
 1949975 words of memory out of 5000000
 28786 multiletter control sequences out of 15000+600000
 599953 words of font info for 164 fonts, out of 8000000 for 9000
 309 hyphenation exceptions out of 8191
 72i,10n,85p,1249b,506s stack positions out of 10000i,1000n,20000p,200000b,200000s
</usr/share/texlive/texmf-dist/fonts/type1/public/amsfonts/cm/cmbx10.pfb></us
r/share/texlive/texmf-dist/fonts/type1/public/amsfonts/cm/cmbx7.pfb></usr/share
/texlive/texmf-dist/fonts/type1/public/amsfonts/cm/cmex10.pfb></usr/share/texli
ve/texmf-dist/fonts/type1/public/amsfonts/cm/cmmi10.pfb></usr/share/texlive/tex
mf-dist/fonts/type1/public/amsfonts/cm/cmmi5.pfb></usr/share/texlive/texmf-dist
/fonts/type1/public/amsfonts/cm/cmmi7.pfb></usr/share/texlive/texmf-dist/fonts/
type1/public/amsfonts/cm/cmr10.pfb></usr/share/texlive/texmf-dist/fonts/type1/p
ublic/amsfonts/cm/cmr5.pfb></usr/share/texlive/texmf-dist/fonts/type1/public/am
sfonts/cm/cmr7.pfb></usr/share/texlive/texmf-dist/fonts/type1/public/amsfonts/c
m/cmr8.pfb></usr/share/texlive/texmf-dist/fonts/type1/public/amsfonts/cm/cmsy10
.pfb></usr/share/texlive/texmf-dist/fonts/type1/public/amsfonts/cm/cmsy5.pfb></
usr/share/texlive/texmf-dist/fonts/type1/public/amsfonts/cm/cmsy7.pfb></usr/sha
re/texlive/texmf-dist/fonts/type1/public/amsfonts/cm/cmsy8.pfb></usr/share/texl
ive/texmf-dist/fonts/type1/public/amsfonts/symbols/msam10.pfb></usr/share/texli
ve/texmf-dist/fonts/type1/public/amsfonts/symbols/msbm10.pfb></usr/share/texliv
e/texmf-dist/fonts/type1/public/amsfonts/symbols/msbm7.pfb></usr/share/texlive/
texmf-dist/fonts/type1/urw/times/utmb8a.pfb></usr/share/texlive/texmf-dist/font
s/type1/urw/times/utmr8a.pfb></usr/share/texlive/texmf-dist/fonts/type1/urw/tim
es/utmri8a.pfb>
Output written on ISCS_Arita_forFinal_v1.0.pdf (13 pages, 1361587 bytes).
PDF statistics:
 163 PDF objects out of 1000 (max. 8388607)
 93 compressed objects within 1 object stream
 0 named destinations out of 1000 (max. 500000)
 36 words of extra memory for PDF output out of 10000 (max. 10000000)

