This is pdfTeX, Version 3.141592653-2.6-1.40.25 (TeX Live 2023/Debian) (preloaded format=pdflatex 2025.3.20)  20 MAR 2025 14:21
entering extended mode
 restricted \write18 enabled.
 %&-line parsing enabled.
**\def\string#1{error_0.8_plot.png}\input{image2pdf.tex}
(./error_0.8_plot.png

! LaTeX Error: Invalid UTF-8 byte "89.

See the LaTeX manual or LaTeX Companion for explanation.
Type  H <return>  for immediate help.
 ...                                              
                                                  
l.1 ‰
     PNG
? x
 
Here is how much of TeX's memory you used:
 24 strings out of 475589
 692 string characters out of 5782860
 1922975 words of memory out of 5000000
 22281 multiletter control sequences out of 15000+600000
 558069 words of font info for 36 fonts, out of 8000000 for 9000
 309 hyphenation exceptions out of 8191
 16i,0n,24p,94b,19s stack positions out of 10000i,1000n,20000p,200000b,200000s
No pages of output.
PDF statistics:
 0 PDF objects out of 1000 (max. 8388607)
 0 named destinations out of 1000 (max. 500000)
 1 words of extra memory for PDF output out of 10000 (max. 10000000)

