This is e-upTeX, Version 3.141592653-p4.1.0-u1.29-230214-2.6 (utf8.euc) (TeX Live 2023/Debian) (preloaded format=platex 2025.3.20)  23 MAR 2025 01:55
entering extended mode
 restricted \write18 enabled.
 %&-line parsing enabled.
**error_0.2_pre.log
(./error_0.2_pre.log
pLaTeX2e <2023-02-14>+1, based on
LaTeX2e <2023-11-01> patch level 1
L3 programming layer <2024-01-22>
)
! Emergency stop.
<*> error_0.2_pre.log
                     
*** (job aborted, no legal \end found)

 
Here is how much of TeX's memory you used:
 17 strings out of 475916
 353 string characters out of 5788117
 1915820 words of memory out of 5000000
 22282 multiletter control sequences out of 15000+600000
 561940 words of font info for 53 fonts, out of 8000000 for 9000
 309 hyphenation exceptions out of 8191
 15i,0n,23p,53b,18s stack positions out of 10000i,1000n,20000p,200000b,200000s
No pages of output.
